<?xml version="1.0" encoding="UTF-8"?>
<!-- Generated by org.testng.reporters.JUnitXMLReporter -->
<testsuite ignored="0" hostname="DESKTOP-71B6POU" failures="0" tests="6" name="Test(failed)" time="0.525" errors="0" timestamp="2022-09-28T23:39:41 IST">
  <testcase classname="testClasses.TestClass2" name="@BeforeClass beforeClass" time="0.157">
    <failure type="java.lang.IllegalStateException" message="The driver executable must exist: D:\Forst folder\chromedriver_win32\chromedriver.exe">
      <![CDATA[java.lang.IllegalStateException: The driver executable must exist: D:\Forst folder\chromedriver_win32\chromedriver.exe
at org.openqa.selenium.internal.Require$FileStateChecker.isFile(Require.java:342)
at org.openqa.selenium.remote.service.DriverService.checkExecutable(DriverService.java:147)
at org.openqa.selenium.remote.service.DriverService.findExecutable(DriverService.java:142)
at org.openqa.selenium.chrome.ChromeDriverService.access$000(ChromeDriverService.java:39)
at org.openqa.selenium.chrome.ChromeDriverService$Builder.findDefaultExecutable(ChromeDriverService.java:233)
at org.openqa.selenium.remote.service.DriverService$Builder.build(DriverService.java:437)
at org.openqa.selenium.chrome.ChromeDriverService.createDefaultService(ChromeDriverService.java:128)
at org.openqa.selenium.chrome.ChromeDriver.<init>(ChromeDriver.java:49)
at baseClass.BaseClass1.getDriver(BaseClass1.java:19)
at testClasses.TestClass2.beforeClass(TestClass2.java:30)
at java.base/java.util.ArrayList.forEach(ArrayList.java:1541)
... Removed 25 stack frames]]>
    </failure>
  </testcase> <!-- @BeforeClass beforeClass -->
  <testcase classname="testClasses.TestClass2" name="@BeforeMethod beforeMethod" time="-1.664388580551E9">
    <skipped/>
  </testcase> <!-- @BeforeMethod beforeMethod -->
  <testcase classname="testClasses.TestClass2" name="@AfterMethod afterMethod" time="-1.664388580574E9">
    <skipped/>
  </testcase> <!-- @AfterMethod afterMethod -->
  <testcase classname="testClasses.TestClass2" name="@BeforeMethod beforeMethod" time="-1.664388580585E9">
    <skipped/>
  </testcase> <!-- @BeforeMethod beforeMethod -->
  <testcase classname="testClasses.TestClass2" name="@AfterMethod afterMethod" time="-1.664388580602E9">
    <skipped/>
  </testcase> <!-- @AfterMethod afterMethod -->
  <testcase classname="testClasses.TestClass2" name="@AfterClass afterClass" time="-1.664388580607E9">
    <skipped/>
  </testcase> <!-- @AfterClass afterClass -->
  <testcase classname="testClasses.TestClass3" name="@BeforeClass beforeClass" time="0.011">
    <failure type="java.lang.IllegalStateException" message="The driver executable must exist: D:\Forst folder\chromedriver_win32\chromedriver.exe">
      <![CDATA[java.lang.IllegalStateException: The driver executable must exist: D:\Forst folder\chromedriver_win32\chromedriver.exe
at org.openqa.selenium.internal.Require$FileStateChecker.isFile(Require.java:342)
at org.openqa.selenium.remote.service.DriverService.checkExecutable(DriverService.java:147)
at org.openqa.selenium.remote.service.DriverService.findExecutable(DriverService.java:142)
at org.openqa.selenium.chrome.ChromeDriverService.access$000(ChromeDriverService.java:39)
at org.openqa.selenium.chrome.ChromeDriverService$Builder.findDefaultExecutable(ChromeDriverService.java:233)
at org.openqa.selenium.remote.service.DriverService$Builder.build(DriverService.java:437)
at org.openqa.selenium.chrome.ChromeDriverService.createDefaultService(ChromeDriverService.java:128)
at org.openqa.selenium.chrome.ChromeDriver.<init>(ChromeDriver.java:49)
at baseClass.BaseClass1.getDriver(BaseClass1.java:19)
at testClasses.TestClass3.beforeClass(TestClass3.java:30)
at java.base/java.util.ArrayList.forEach(ArrayList.java:1541)
... Removed 25 stack frames]]>
    </failure>
  </testcase> <!-- @BeforeClass beforeClass -->
  <testcase classname="testClasses.TestClass3" name="@BeforeMethod beforeMethod" time="-1.664388580626E9">
    <skipped/>
  </testcase> <!-- @BeforeMethod beforeMethod -->
  <testcase classname="testClasses.TestClass3" name="@AfterMethod afterMethod" time="-1.66438858064E9">
    <skipped/>
  </testcase> <!-- @AfterMethod afterMethod -->
  <testcase classname="testClasses.TestClass3" name="@BeforeMethod beforeMethod" time="-1.664388580661E9">
    <skipped/>
  </testcase> <!-- @BeforeMethod beforeMethod -->
  <testcase classname="testClasses.TestClass3" name="@AfterMethod afterMethod" time="-1.664388580675E9">
    <skipped/>
  </testcase> <!-- @AfterMethod afterMethod -->
  <testcase classname="testClasses.TestClass3" name="@BeforeMethod beforeMethod" time="-1.664388580679E9">
    <skipped/>
  </testcase> <!-- @BeforeMethod beforeMethod -->
  <testcase classname="testClasses.TestClass3" name="@AfterMethod afterMethod" time="-1.664388580692E9">
    <skipped/>
  </testcase> <!-- @AfterMethod afterMethod -->
  <testcase classname="testClasses.TestClass3" name="@AfterClass afterClass" time="-1.664388580695E9">
    <skipped/>
  </testcase> <!-- @AfterClass afterClass -->
  <testcase classname="testClasses.TestClass1" name="@BeforeClass beforeClass" time="0.009">
    <failure type="java.lang.IllegalStateException" message="The driver executable must exist: D:\Forst folder\chromedriver_win32\chromedriver.exe">
      <![CDATA[java.lang.IllegalStateException: The driver executable must exist: D:\Forst folder\chromedriver_win32\chromedriver.exe
at org.openqa.selenium.internal.Require$FileStateChecker.isFile(Require.java:342)
at org.openqa.selenium.remote.service.DriverService.checkExecutable(DriverService.java:147)
at org.openqa.selenium.remote.service.DriverService.findExecutable(DriverService.java:142)
at org.openqa.selenium.chrome.ChromeDriverService.access$000(ChromeDriverService.java:39)
at org.openqa.selenium.chrome.ChromeDriverService$Builder.findDefaultExecutable(ChromeDriverService.java:233)
at org.openqa.selenium.remote.service.DriverService$Builder.build(DriverService.java:437)
at org.openqa.selenium.chrome.ChromeDriverService.createDefaultService(ChromeDriverService.java:128)
at org.openqa.selenium.chrome.ChromeDriver.<init>(ChromeDriver.java:49)
at baseClass.BaseClass1.getDriver(BaseClass1.java:19)
at testClasses.TestClass1.beforeClass(TestClass1.java:52)
at java.base/java.util.ArrayList.forEach(ArrayList.java:1541)
... Removed 25 stack frames]]>
    </failure>
  </testcase> <!-- @BeforeClass beforeClass -->
  <testcase classname="testClasses.TestClass1" name="@BeforeMethod beforeMethod" time="-1.664388580719E9">
    <skipped/>
  </testcase> <!-- @BeforeMethod beforeMethod -->
  <testcase classname="testClasses.TestClass1" name="@AfterMethod afterMethod" time="-1.66438858076E9">
    <skipped/>
  </testcase> <!-- @AfterMethod afterMethod -->
  <testcase classname="testClasses.TestClass1" name="@AfterClass afterClass" time="-1.66438858077E9">
    <skipped/>
  </testcase> <!-- @AfterClass afterClass -->
  <testcase classname="testClasses.TestClass2" name="VerifyUserCanSearchProduct" time="0.0">
    <skipped/>
  </testcase> <!-- VerifyUserCanSearchProduct -->
  <testcase classname="testClasses.TestClass2" name="VerifyUserCanGetLowestPriceProductFromEachPage" time="0.0">
    <skipped/>
  </testcase> <!-- VerifyUserCanGetLowestPriceProductFromEachPage -->
  <testcase classname="testClasses.TestClass3" name="verifyUserCanOpenProfilePage" time="0.0">
    <skipped/>
  </testcase> <!-- verifyUserCanOpenProfilePage -->
  <testcase classname="testClasses.TestClass3" name="addNewAddress" time="0.0">
    <skipped/>
  </testcase> <!-- addNewAddress -->
  <testcase classname="testClasses.TestClass3" name="addNewAddress" time="0.0">
    <skipped/>
  </testcase> <!-- addNewAddress -->
  <testcase classname="testClasses.TestClass1" name="test1" time="0.0">
    <skipped/>
  </testcase> <!-- test1 -->
</testsuite> <!-- Test(failed) -->
